  0:00 ------------------------------------------------------------
  0:00 InitGame
  0:04 J;00000000009d9a7f;7;syrvvp
  0:28 J;bot0;0;/dev/null
  0:31 K;bot0;0;allies;/dev/null;00000000009d9a7f;7;axis;syrvvp;dragunov_mp;13860;MOD_RIFLE_BULLET;torso_upper
  0:44 ShutdownGame:
  0:44 ------------------------------------------------------------
  0:44 ------------------------------------------------------------
  0:44 InitGame
  0:44 J;00000000009d9a7f;7;syrvvp
  0:44 J;bot0;0;/dev/null
  0:56 D;bot0;0;allies;/dev/null;00000000009d9a7f;7;axis;syrvvp;deserteaglegold_mp;1;MOD_RIFLE_BULLET;torso_upper
  0:56 D;bot0;0;allies;/dev/null;00000000009d9a7f;7;axis;syrvvp;deserteaglegold_mp;1;MOD_RIFLE_BULLET;torso_upper
  0:59 D;bot0;0;allies;/dev/null;00000000009d9a7f;7;axis;syrvvp;deserteaglegold_mp;1;MOD_HEAD_SHOT;head
  1:09 K;bot0;0;allies;/dev/null;00000000009d9a7f;7;axis;syrvvp;dragunov_mp;13860;MOD_RIFLE_BULLET;torso_upper
  1:20 ShutdownGame:
  1:20 ------------------------------------------------------------
  0:00 ------------------------------------------------------------
  0:00 InitGame
  0:07 J;0000000000b3fb51;7;syrvvp
  0:35 J;bot0;0;/dev/null
  1:37 D;bot0;0;allies;/dev/null;0000000000b3fb51;7;axis;syrvvp;deserteaglegold_mp;1;MOD_RIFLE_BULLET;torso_upper
  2:48 D;bot0;0;allies;/dev/null;;-1;world;;none;1;MOD_FALLING;none
  3:08 D;bot0;0;allies;/dev/null;0000000000b3fb51;7;axis;syrvvp;deserteaglegold_mp;1;MOD_RIFLE_BULLET;torso_upper
  3:11 K;bot0;0;allies;/dev/null;0000000000b3fb51;7;axis;syrvvp;dragunov_mp;13860;MOD_RIFLE_BULLET;torso_upper
  3:21 ShutdownGame:
  3:21 ------------------------------------------------------------
  3:21 ------------------------------------------------------------
  3:21 InitGame
  3:22 J;0000000000b3fb51;7;syrvvp
  3:22 J;bot0;0;/dev/null
  3:25 D;bot0;0;allies;/dev/null;0000000000b3fb51;7;axis;syrvvp;deserteaglegold_mp;1;MOD_RIFLE_BULLET;torso_upper
  3:26 D;bot0;0;allies;/dev/null;0000000000b3fb51;7;axis;syrvvp;deserteaglegold_mp;1;MOD_RIFLE_BULLET;torso_upper
  3:32 D;bot0;0;allies;/dev/null;0000000000b3fb51;7;axis;syrvvp;deserteaglegold_mp;1;MOD_HEAD_SHOT;head
  4:09 K;bot0;0;allies;/dev/null;0000000000b3fb51;7;axis;syrvvp;dragunov_mp;13860;MOD_RIFLE_BULLET;torso_upper
  4:20 ShutdownGame:
  4:20 ------------------------------------------------------------
  4:20 ------------------------------------------------------------
  4:20 InitGame
  4:21 J;0000000000b3fb51;7;syrvvp
  4:21 J;bot0;0;/dev/null
  6:00 D;bot0;0;allies;/dev/null;0000000000b3fb51;7;axis;syrvvp;deserteaglegold_mp;1;MOD_RIFLE_BULLET;torso_upper
  7:09 D;0000000000b3fb51;7;axis;syrvvp;0000000000b3fb51;7;axis;syrvvp;concussion_grenade_mp;1;MOD_GRENADE_SPLASH;none
  7:26 D;0000000000b3fb51;7;axis;syrvvp;0000000000b3fb51;7;axis;syrvvp;concussion_grenade_mp;1;MOD_GRENADE_SPLASH;none
  7:50 D;0000000000b3fb51;7;axis;syrvvp;0000000000b3fb51;7;axis;syrvvp;concussion_grenade_mp;1;MOD_GRENADE_SPLASH;none
  8:20 D;0000000000b3fb51;7;axis;syrvvp;0000000000b3fb51;7;axis;syrvvp;concussion_grenade_mp;1;MOD_GRENADE_SPLASH;none
  8:27 K;bot0;0;allies;/dev/null;0000000000b3fb51;7;axis;syrvvp;dragunov_mp;13860;MOD_RIFLE_BULLET;torso_upper
  8:38 ShutdownGame:
  8:38 ------------------------------------------------------------
  8:38 ------------------------------------------------------------
  8:38 InitGame
  8:39 J;0000000000b3fb51;7;syrvvp
  8:39 J;bot0;0;/dev/null
  8:54 K;bot0;0;allies;/dev/null;0000000000b3fb51;7;axis;syrvvp;dragunov_mp;13860;MOD_RIFLE_BULLET;torso_upper
  9:05 ShutdownGame:
  9:05 ------------------------------------------------------------
  9:05 ------------------------------------------------------------
  9:05 InitGame
  9:05 J;0000000000b3fb51;7;syrvvp
  9:05 J;bot0;0;/dev/null
  9:31 K;bot0;0;allies;/dev/null;0000000000b3fb51;7;axis;syrvvp;dragunov_mp;13860;MOD_RIFLE_BULLET;torso_upper
  9:42 ShutdownGame:
  9:42 ------------------------------------------------------------
  9:42 ------------------------------------------------------------
  9:42 InitGame
  9:43 J;0000000000b3fb51;7;syrvvp
  9:43 J;bot0;0;/dev/null
  9:46 J;bot1;1;/dev/sr0
  9:51 Q;bot1;1;/dev/sr0
 10:12 K;bot0;0;allies;/dev/null;0000000000b3fb51;7;axis;syrvvp;dragunov_mp;13860;MOD_RIFLE_BULLET;torso_upper
 10:23 ShutdownGame:
 10:23 ------------------------------------------------------------
 10:23 ------------------------------------------------------------
 10:23 InitGame
 10:23 J;0000000000b3fb51;7;syrvvp
 10:23 J;bot0;0;/dev/null
 10:26 D;bot0;0;allies;/dev/null;0000000000b3fb51;7;axis;syrvvp;deserteaglegold_mp;1;MOD_RIFLE_BULLET;torso_upper
 10:32 D;bot0;0;allies;/dev/null;0000000000b3fb51;7;axis;syrvvp;deserteaglegold_mp;1;MOD_RIFLE_BULLET;torso_upper
 10:33 D;bot0;0;allies;/dev/null;0000000000b3fb51;7;axis;syrvvp;deserteaglegold_mp;1;MOD_RIFLE_BULLET;torso_upper
 11:30 K;bot0;0;allies;/dev/null;0000000000b3fb51;7;axis;syrvvp;nuke_mp;999999;MOD_EXPLOSIVE;none
 11:41 ShutdownGame:
 11:41 ------------------------------------------------------------
 11:41 ------------------------------------------------------------
 11:41 InitGame
 11:41 J;0000000000b3fb51;7;syrvvp
 11:41 J;bot0;0;/dev/null
 12:14 K;bot0;0;allies;/dev/null;0000000000b3fb51;7;axis;syrvvp;dragunov_mp;13860;MOD_RIFLE_BULLET;torso_upper
 12:25 ShutdownGame:
 12:25 ------------------------------------------------------------
 12:25 ------------------------------------------------------------
 12:25 InitGame
 12:26 J;0000000000b3fb51;7;syrvvp
 12:26 J;bot0;0;/dev/null
 12:33 K;bot0;0;allies;/dev/null;0000000000b3fb51;7;axis;syrvvp;dragunov_mp;13860;MOD_RIFLE_BULLET;torso_upper
 12:44 ShutdownGame:
 12:44 ------------------------------------------------------------
 12:44 ------------------------------------------------------------
 12:44 InitGame
 12:44 J;0000000000b3fb51;7;syrvvp
 12:44 J;bot0;0;/dev/null
 12:49 K;bot0;0;allies;/dev/null;0000000000b3fb51;7;axis;syrvvp;dragunov_mp;9900;MOD_HEAD_SHOT;head
 13:00 ShutdownGame:
 13:00 ------------------------------------------------------------
 13:00 ------------------------------------------------------------
 13:00 InitGame
 13:01 J;0000000000b3fb51;7;syrvvp
 13:01 J;bot0;0;/dev/null
 13:26 K;bot0;0;allies;/dev/null;0000000000b3fb51;7;axis;syrvvp;cheytac_heartbeat_mp;13860;MOD_RIFLE_BULLET;torso_upper
 13:37 ShutdownGame:
 13:37 ------------------------------------------------------------
 13:37 ------------------------------------------------------------
 13:37 InitGame
 13:37 J;0000000000b3fb51;7;syrvvp
 13:37 J;bot0;0;/dev/null
 14:24 K;bot0;0;allies;/dev/null;0000000000b3fb51;7;axis;syrvvp;cheytac_heartbeat_mp;13860;MOD_RIFLE_BULLET;torso_upper
 14:34 ShutdownGame:
 14:34 ------------------------------------------------------------
 14:34 ------------------------------------------------------------
 14:34 InitGame
 14:35 J;0000000000b3fb51;7;syrvvp
 14:35 J;bot0;0;/dev/null
 16:17 K;bot0;0;allies;/dev/null;0000000000b3fb51;7;axis;syrvvp;cheytac_fmj_mp;13860;MOD_RIFLE_BULLET;torso_upper
 16:28 ShutdownGame:
 16:28 ------------------------------------------------------------
 16:28 ------------------------------------------------------------
 16:28 InitGame
 16:28 J;0000000000b3fb51;7;syrvvp
 16:28 J;bot0;0;/dev/null
 16:43 K;bot0;0;allies;/dev/null;0000000000b3fb51;7;axis;syrvvp;cheytac_fmj_mp;9900;MOD_HEAD_SHOT;head
 16:54 ShutdownGame:
 16:54 ------------------------------------------------------------
 16:54 ------------------------------------------------------------
 16:54 InitGame
 16:54 J;0000000000b3fb51;7;syrvvp
 16:54 J;bot0;0;/dev/null
 18:19 K;bot0;0;allies;/dev/null;0000000000b3fb51;7;axis;syrvvp;cheytac_fmj_mp;13860;MOD_RIFLE_BULLET;torso_upper
 18:30 ShutdownGame:
 18:30 ------------------------------------------------------------
 18:30 ------------------------------------------------------------
 18:30 InitGame
 18:30 J;0000000000b3fb51;7;syrvvp
 18:30 J;bot0;0;/dev/null
 18:50 K;bot0;0;allies;/dev/null;0000000000b3fb51;7;axis;syrvvp;cheytac_fmj_mp;9900;MOD_HEAD_SHOT;head
 19:01 ShutdownGame:
 19:01 ------------------------------------------------------------
 19:01 ------------------------------------------------------------
 19:01 InitGame
 19:01 J;0000000000b3fb51;7;syrvvp
 19:01 J;bot0;0;/dev/null
 19:41 K;bot0;0;allies;/dev/null;0000000000b3fb51;7;axis;syrvvp;cheytac_fmj_mp;13860;MOD_RIFLE_BULLET;torso_upper
 19:52 ShutdownGame:
 19:52 ------------------------------------------------------------
 19:52 ------------------------------------------------------------
 19:52 InitGame
 19:52 J;0000000000b3fb51;7;syrvvp
 19:52 J;bot0;0;/dev/null
 21:18 D;bot0;0;allies;/dev/null;0000000000b3fb51;7;axis;syrvvp;m4_shotgun_mp;1;MOD_RIFLE_BULLET;right_leg_upper
 21:25 K;bot0;0;allies;/dev/null;0000000000b3fb51;7;axis;syrvvp;cheytac_fmj_mp;13860;MOD_RIFLE_BULLET;torso_upper
 21:36 ShutdownGame:
 21:36 ------------------------------------------------------------
 21:36 ------------------------------------------------------------
 21:36 InitGame
 21:36 J;0000000000b3fb51;7;syrvvp
 21:36 J;bot0;0;/dev/null
 22:20 K;bot0;0;allies;/dev/null;0000000000b3fb51;7;axis;syrvvp;cheytac_fmj_mp;13860;MOD_RIFLE_BULLET;torso_upper
 22:31 ShutdownGame:
 22:31 ------------------------------------------------------------
 22:31 ------------------------------------------------------------
 22:31 InitGame
 22:31 J;0000000000b3fb51;7;syrvvp
 22:31 J;bot0;0;/dev/null
 23:01 K;bot0;0;allies;/dev/null;0000000000b3fb51;7;axis;syrvvp;cheytac_fmj_mp;13860;MOD_RIFLE_BULLET;torso_upper
 23:12 ShutdownGame:
 23:12 ------------------------------------------------------------
 23:12 ------------------------------------------------------------
 23:12 InitGame
 23:12 J;0000000000b3fb51;7;syrvvp
 23:12 J;bot0;0;/dev/null
 24:12 K;bot0;0;allies;/dev/null;0000000000b3fb51;7;axis;syrvvp;cheytac_heartbeat_mp;13860;MOD_RIFLE_BULLET;torso_upper
 24:23 ShutdownGame:
 24:23 ------------------------------------------------------------
 24:23 ------------------------------------------------------------
 24:23 InitGame
 24:23 J;0000000000b3fb51;7;syrvvp
 24:23 J;bot0;0;/dev/null
 24:40 K;bot0;0;allies;/dev/null;0000000000b3fb51;7;axis;syrvvp;cheytac_heartbeat_mp;13860;MOD_RIFLE_BULLET;torso_upper
 24:51 ShutdownGame:
 24:51 ------------------------------------------------------------
 24:51 ------------------------------------------------------------
 24:51 InitGame
 24:51 J;0000000000b3fb51;7;syrvvp
 24:51 J;bot0;0;/dev/null
 25:29 K;bot0;0;allies;/dev/null;0000000000b3fb51;7;axis;syrvvp;cheytac_heartbeat_mp;13860;MOD_RIFLE_BULLET;torso_upper
 25:39 ShutdownGame:
 25:39 ------------------------------------------------------------
 25:39 ------------------------------------------------------------
 25:39 InitGame
 25:40 J;0000000000b3fb51;7;syrvvp
 25:40 J;bot0;0;/dev/null
 26:25 K;bot0;0;allies;/dev/null;0000000000b3fb51;7;axis;syrvvp;barrett_heartbeat_mp;13860;MOD_RIFLE_BULLET;torso_upper
 26:36 ShutdownGame:
 26:36 ------------------------------------------------------------
 26:36 ------------------------------------------------------------
 26:36 InitGame
 26:36 J;0000000000b3fb51;7;syrvvp
 26:36 J;bot0;0;/dev/null
 26:56 K;bot0;0;allies;/dev/null;0000000000b3fb51;7;axis;syrvvp;barrett_heartbeat_mp;13860;MOD_RIFLE_BULLET;torso_upper
 27:07 ShutdownGame:
 27:07 ------------------------------------------------------------
 27:07 ------------------------------------------------------------
 27:07 InitGame
 27:07 J;0000000000b3fb51;7;syrvvp
 27:07 J;bot0;0;/dev/null
 27:32 K;bot0;0;allies;/dev/null;0000000000b3fb51;7;axis;syrvvp;m21_heartbeat_mp;13860;MOD_RIFLE_BULLET;torso_upper
 27:42 ShutdownGame:
 27:42 ------------------------------------------------------------
 27:42 ------------------------------------------------------------
 27:42 InitGame
 27:43 J;0000000000b3fb51;7;syrvvp
 27:43 J;bot0;0;/dev/null
 28:02 K;bot0;0;allies;/dev/null;0000000000b3fb51;7;axis;syrvvp;m21_heartbeat_mp;13860;MOD_RIFLE_BULLET;torso_upper
 28:12 ShutdownGame:
 28:12 ------------------------------------------------------------
 28:12 ------------------------------------------------------------
 28:12 InitGame
 28:13 J;0000000000b3fb51;7;syrvvp
 28:13 J;bot0;0;/dev/null
 28:51 K;bot0;0;allies;/dev/null;0000000000b3fb51;7;axis;syrvvp;wa2000_heartbeat_mp;13860;MOD_RIFLE_BULLET;torso_upper
 29:02 ShutdownGame:
 29:02 ------------------------------------------------------------
 29:02 ------------------------------------------------------------
 29:02 InitGame
 29:02 J;0000000000b3fb51;7;syrvvp
 29:02 J;bot0;0;/dev/null
 29:10 D;bot0;0;allies;/dev/null;0000000000b3fb51;7;axis;syrvvp;deserteaglegold_mp;1;MOD_RIFLE_BULLET;torso_upper
 29:23 K;bot0;0;allies;/dev/null;0000000000b3fb51;7;axis;syrvvp;dragunov_mp;13860;MOD_RIFLE_BULLET;torso_upper
 29:34 ShutdownGame:
 29:34 ------------------------------------------------------------
 29:34 ------------------------------------------------------------
 29:34 InitGame
 29:34 J;0000000000b3fb51;7;syrvvp
 29:34 J;bot0;0;/dev/null
 29:42 D;bot0;0;allies;/dev/null;0000000000b3fb51;7;axis;syrvvp;famas_gl_mp;1;MOD_RIFLE_BULLET;torso_upper
 29:43 D;bot0;0;allies;/dev/null;0000000000b3fb51;7;axis;syrvvp;famas_gl_mp;1;MOD_RIFLE_BULLET;right_arm_upper
 29:43 D;bot0;0;allies;/dev/null;0000000000b3fb51;7;axis;syrvvp;famas_gl_mp;1;MOD_RIFLE_BULLET;torso_lower
 29:43 D;bot0;0;allies;/dev/null;0000000000b3fb51;7;axis;syrvvp;famas_gl_mp;1;MOD_RIFLE_BULLET;torso_lower
 29:44 D;bot0;0;allies;/dev/null;0000000000b3fb51;7;axis;syrvvp;famas_gl_mp;1;MOD_RIFLE_BULLET;torso_lower
 29:44 D;bot0;0;allies;/dev/null;0000000000b3fb51;7;axis;syrvvp;famas_gl_mp;1;MOD_RIFLE_BULLET;torso_lower
 29:44 D;bot0;0;allies;/dev/null;0000000000b3fb51;7;axis;syrvvp;famas_gl_mp;1;MOD_RIFLE_BULLET;right_leg_upper
 29:44 D;bot0;0;allies;/dev/null;0000000000b3fb51;7;axis;syrvvp;famas_gl_mp;1;MOD_RIFLE_BULLET;torso_upper
 29:44 D;bot0;0;allies;/dev/null;0000000000b3fb51;7;axis;syrvvp;famas_gl_mp;1;MOD_RIFLE_BULLET;torso_upper
 29:45 D;bot0;0;allies;/dev/null;0000000000b3fb51;7;axis;syrvvp;famas_gl_mp;1;MOD_RIFLE_BULLET;right_leg_upper
 29:45 D;bot0;0;allies;/dev/null;0000000000b3fb51;7;axis;syrvvp;famas_gl_mp;1;MOD_RIFLE_BULLET;torso_upper
 29:58 ShutdownGame:
 29:58 ------------------------------------------------------------
  0:00 ------------------------------------------------------------
  0:00 InitGame
  0:06 J;00000000034413d3;7;syrvvp
  0:51 J;bot0;0;/dev/null
  1:42 D;bot0;0;allies;/dev/null;;-1;world;;none;1;MOD_FALLING;none
  4:43 K;bot0;0;allies;/dev/null;00000000034413d3;7;axis;syrvvp;cheytac_fmj_mp;13860;MOD_RIFLE_BULLET;torso_upper
  4:54 ShutdownGame:
  4:54 ------------------------------------------------------------
  4:54 ------------------------------------------------------------
  4:54 InitGame
  4:54 J;00000000034413d3;7;syrvvp
  4:54 J;bot0;0;/dev/null
  5:17 D;bot0;0;allies;/dev/null;00000000034413d3;7;axis;syrvvp;beretta_akimbo_mp;1;MOD_PISTOL_BULLET;left_leg_upper
  5:17 D;bot0;0;allies;/dev/null;00000000034413d3;7;axis;syrvvp;beretta_akimbo_mp;1;MOD_RIFLE_BULLET;torso_upper
  5:47 K;bot0;0;allies;/dev/null;00000000034413d3;7;axis;syrvvp;cheytac_heartbeat_mp;13860;MOD_RIFLE_BULLET;torso_upper
  5:58 ShutdownGame:
  5:58 ------------------------------------------------------------
  5:58 ------------------------------------------------------------
  5:58 InitGame
  5:58 J;00000000034413d3;7;syrvvp
  5:58 J;bot0;0;/dev/null
  6:32 K;bot0;0;allies;/dev/null;00000000034413d3;7;axis;syrvvp;cheytac_heartbeat_mp;13860;MOD_RIFLE_BULLET;torso_upper
  6:42 ShutdownGame:
  6:42 ------------------------------------------------------------
  6:42 ------------------------------------------------------------
  6:42 InitGame
  6:43 J;00000000034413d3;7;syrvvp
  6:43 J;bot0;0;/dev/null
  6:54 D;bot0;0;allies;/dev/null;00000000034413d3;7;axis;syrvvp;beretta_akimbo_mp;1;MOD_RIFLE_BULLET;torso_upper
  6:56 D;bot0;0;allies;/dev/null;00000000034413d3;7;axis;syrvvp;beretta_akimbo_mp;1;MOD_RIFLE_BULLET;torso_upper
  7:00 D;bot0;0;allies;/dev/null;00000000034413d3;7;axis;syrvvp;beretta_akimbo_mp;1;MOD_HEAD_SHOT;head
  7:00 D;bot0;0;allies;/dev/null;00000000034413d3;7;axis;syrvvp;beretta_akimbo_mp;1;MOD_RIFLE_BULLET;torso_upper
  7:00 D;bot0;0;allies;/dev/null;00000000034413d3;7;axis;syrvvp;beretta_akimbo_mp;1;MOD_RIFLE_BULLET;torso_upper
  7:00 D;bot0;0;allies;/dev/null;00000000034413d3;7;axis;syrvvp;beretta_akimbo_mp;1;MOD_RIFLE_BULLET;torso_upper
  7:29 D;bot0;0;allies;/dev/null;00000000034413d3;7;axis;syrvvp;beretta_akimbo_mp;1;MOD_RIFLE_BULLET;torso_upper
  7:29 D;bot0;0;allies;/dev/null;00000000034413d3;7;axis;syrvvp;beretta_akimbo_mp;1;MOD_HEAD_SHOT;head
  7:29 D;bot0;0;allies;/dev/null;00000000034413d3;7;axis;syrvvp;beretta_akimbo_mp;1;MOD_PISTOL_BULLET;left_leg_lower
  7:41 K;bot0;0;allies;/dev/null;00000000034413d3;7;axis;syrvvp;cheytac_heartbeat_mp;13860;MOD_RIFLE_BULLET;torso_upper
  7:52 ShutdownGame:
  7:52 ------------------------------------------------------------
  7:52 ------------------------------------------------------------
  7:52 InitGame
  7:52 J;00000000034413d3;7;syrvvp
  7:52 J;bot0;0;/dev/null
  8:13 K;bot0;0;allies;/dev/null;00000000034413d3;7;axis;syrvvp;cheytac_heartbeat_mp;13860;MOD_RIFLE_BULLET;torso_upper
  8:23 ShutdownGame:
  8:23 ------------------------------------------------------------
  8:23 ------------------------------------------------------------
  8:23 InitGame
  8:24 J;00000000034413d3;7;syrvvp
  8:24 J;bot0;0;/dev/null
  8:24 ShutdownGame:
  8:24 ------------------------------------------------------------
  0:00 ------------------------------------------------------------
  0:00 InitGame
  0:04 J;000000000a0954c7;7;syrvvp
  0:33 J;bot0;0;/dev/null
  0:48 D;bot0;0;allies;/dev/null;;-1;world;;none;1;MOD_FALLING;none
  1:54 K;bot0;0;allies;/dev/null;000000000a0954c7;7;axis;syrvvp;cheytac_heartbeat_mp;13860;MOD_RIFLE_BULLET;torso_upper
  2:05 ShutdownGame:
  2:05 ------------------------------------------------------------
  2:05 ------------------------------------------------------------
  2:05 InitGame
  2:05 J;000000000a0954c7;7;syrvvp
  2:05 J;bot0;0;/dev/null
  3:22 K;bot0;0;allies;/dev/null;000000000a0954c7;7;axis;syrvvp;cheytac_heartbeat_mp;13860;MOD_RIFLE_BULLET;torso_upper
  3:33 ShutdownGame:
  3:33 ------------------------------------------------------------
  3:33 ------------------------------------------------------------
  3:33 InitGame
  3:33 J;000000000a0954c7;7;syrvvp
  3:33 J;bot0;0;/dev/null
  3:48 K;bot0;0;allies;/dev/null;000000000a0954c7;7;axis;syrvvp;cheytac_heartbeat_mp;13860;MOD_RIFLE_BULLET;torso_upper
  3:59 ShutdownGame:
  3:59 ------------------------------------------------------------
  3:59 ------------------------------------------------------------
  3:59 InitGame
  3:59 J;000000000a0954c7;7;syrvvp
  3:59 J;bot0;0;/dev/null
  4:25 K;bot0;0;allies;/dev/null;000000000a0954c7;7;axis;syrvvp;cheytac_heartbeat_mp;13860;MOD_RIFLE_BULLET;torso_upper
  4:36 ShutdownGame:
  4:36 ------------------------------------------------------------
  4:36 ------------------------------------------------------------
  4:36 InitGame
  4:37 ShutdownGame:
  4:37 ------------------------------------------------------------
  0:00 ------------------------------------------------------------
  0:00 InitGame
  0:03 J;cadcea400045f989;7;syrvvp
  0:25 J;bot0;0;/dev/null
  2:22 K;bot0;0;allies;/dev/null;cadcea400045f989;7;axis;syrvvp;barrett_heartbeat_mp;13860;MOD_RIFLE_BULLET;torso_upper
  2:33 ShutdownGame:
  2:33 ------------------------------------------------------------
  2:33 ------------------------------------------------------------
  2:33 InitGame
  2:33 J;cadcea400045f989;7;syrvvp
  2:33 J;bot0;0;/dev/null
  4:21 D;bot0;0;allies;/dev/null;cadcea400045f989;7;axis;syrvvp;concussion_grenade_mp;1;MOD_GRENADE_SPLASH;none
  4:25 K;bot0;0;allies;/dev/null;cadcea400045f989;7;axis;syrvvp;barrett_heartbeat_mp;13860;MOD_RIFLE_BULLET;torso_upper
  4:36 ShutdownGame:
  4:36 ------------------------------------------------------------
  4:36 ------------------------------------------------------------
  4:36 InitGame
  4:36 J;cadcea400045f989;7;syrvvp
  4:36 J;bot0;0;/dev/null
 10:19 K;bot0;0;allies;/dev/null;cadcea400045f989;7;axis;syrvvp;barrett_heartbeat_mp;13860;MOD_RIFLE_BULLET;torso_upper
 10:30 ShutdownGame:
 10:30 ------------------------------------------------------------
  0:00 ------------------------------------------------------------
  0:00 InitGame
  0:04 J;cadcea400045f989;4;syrvvp
  0:10 J;bot0;0;/dev/null
  1:48 K;bot0;0;allies;/dev/null;cadcea400045f989;4;axis;syrvvp;barrett_heartbeat_mp;13860;MOD_RIFLE_BULLET;torso_upper
  1:59 ShutdownGame:
  1:59 ------------------------------------------------------------
  1:59 ------------------------------------------------------------
  1:59 InitGame
  2:00 J;cadcea400045f989;4;syrvvp
  2:00 J;bot0;0;/dev/null
  2:12 K;bot0;0;allies;/dev/null;cadcea400045f989;4;axis;syrvvp;barrett_heartbeat_mp;13860;MOD_RIFLE_BULLET;torso_upper
  2:22 ShutdownGame:
  2:22 ------------------------------------------------------------
  2:22 ------------------------------------------------------------
  2:22 InitGame
  2:23 J;cadcea400045f989;4;syrvvp
  2:23 J;bot0;0;/dev/null
  3:02 K;bot0;0;allies;/dev/null;cadcea400045f989;4;axis;syrvvp;barrett_heartbeat_mp;13860;MOD_RIFLE_BULLET;torso_upper
  3:13 ShutdownGame:
  3:13 ------------------------------------------------------------
  3:13 ------------------------------------------------------------
  3:13 InitGame
  3:13 J;cadcea400045f989;4;syrvvp
  3:13 J;bot0;0;/dev/null
  3:19 D;bot0;0;allies;/dev/null;cadcea400045f989;4;axis;syrvvp;concussion_grenade_mp;1;MOD_GRENADE_SPLASH;none
  4:39 K;bot0;0;allies;/dev/null;cadcea400045f989;4;axis;syrvvp;barrett_heartbeat_mp;13860;MOD_RIFLE_BULLET;left_leg_lower
  4:50 ShutdownGame:
  4:50 ------------------------------------------------------------
  4:50 ------------------------------------------------------------
  4:50 InitGame
  4:50 J;cadcea400045f989;4;syrvvp
  4:50 J;bot0;0;/dev/null
  5:47 K;bot0;0;allies;/dev/null;cadcea400045f989;4;axis;syrvvp;barrett_heartbeat_mp;13860;MOD_HEAD_SHOT;head
  5:58 ShutdownGame:
  5:58 ------------------------------------------------------------
  0:00 ------------------------------------------------------------
  0:00 InitGame
  0:06 J;cadcea400045f989;7;syrvvp
  0:16 J;bot0;0;/dev/null
  0:44 K;bot0;0;allies;/dev/null;cadcea400045f989;7;axis;syrvvp;cheytac_heartbeat_mp;13860;MOD_RIFLE_BULLET;torso_upper
  0:55 ShutdownGame:
  0:55 ------------------------------------------------------------
  0:55 ------------------------------------------------------------
  0:55 InitGame
  0:55 J;cadcea400045f989;7;syrvvp
  0:55 J;bot0;0;/dev/null
  1:28 K;bot0;0;allies;/dev/null;cadcea400045f989;7;axis;syrvvp;cheytac_heartbeat_mp;13860;MOD_RIFLE_BULLET;torso_upper
  1:39 ShutdownGame:
  1:39 ------------------------------------------------------------
  1:39 ------------------------------------------------------------
  1:39 InitGame
  1:39 J;cadcea400045f989;7;syrvvp
  1:39 J;bot0;0;/dev/null
  1:45 K;bot0;0;allies;/dev/null;cadcea400045f989;7;axis;syrvvp;cheytac_heartbeat_mp;9900;MOD_HEAD_SHOT;head
  1:56 ShutdownGame:
  1:56 ------------------------------------------------------------
  1:56 ------------------------------------------------------------
  1:56 InitGame
  1:56 J;cadcea400045f989;7;syrvvp
  1:56 J;bot0;0;/dev/null
  2:11 ShutdownGame:
  2:11 ------------------------------------------------------------
  2:11 ------------------------------------------------------------
  2:11 InitGame
  2:15 J;cadcea400045f989;7;syrvvp
  2:40 J;bot1;0;/dev/sr0
  2:48 D;bot1;0;allies;/dev/sr0;cadcea400045f989;7;axis;syrvvp;deserteaglegold_mp;1;MOD_RIFLE_BULLET;torso_upper
  2:58 D;bot1;0;allies;/dev/sr0;cadcea400045f989;7;axis;syrvvp;deserteaglegold_mp;1;MOD_RIFLE_BULLET;torso_upper
  3:01 D;bot1;0;allies;/dev/sr0;cadcea400045f989;7;axis;syrvvp;deserteaglegold_mp;1;MOD_RIFLE_BULLET;torso_upper
  3:15 K;bot1;0;allies;/dev/sr0;cadcea400045f989;7;axis;syrvvp;dragunov_mp;13860;MOD_RIFLE_BULLET;torso_upper
  3:26 ShutdownGame:
  3:26 ------------------------------------------------------------
  3:26 ------------------------------------------------------------
  3:26 InitGame
  3:26 J;cadcea400045f989;7;syrvvp
  3:26 J;bot1;0;/dev/sr0
  6:46 K;bot1;0;allies;/dev/sr0;cadcea400045f989;7;axis;syrvvp;cheytac_heartbeat_mp;13860;MOD_RIFLE_BULLET;torso_upper
  6:57 ShutdownGame:
  6:57 ------------------------------------------------------------
  6:57 ------------------------------------------------------------
  6:57 InitGame
  6:57 J;cadcea400045f989;7;syrvvp
  6:57 J;bot1;0;/dev/sr0
  9:16 K;bot1;0;allies;/dev/sr0;cadcea400045f989;7;axis;syrvvp;cheytac_heartbeat_mp;13860;MOD_RIFLE_BULLET;torso_upper
  9:27 ShutdownGame:
  9:27 ------------------------------------------------------------
  9:27 ------------------------------------------------------------
  9:27 InitGame
  9:27 J;cadcea400045f989;7;syrvvp
  9:27 J;bot1;0;/dev/sr0
 11:21 K;bot1;0;allies;/dev/sr0;cadcea400045f989;7;axis;syrvvp;cheytac_heartbeat_mp;13860;MOD_RIFLE_BULLET;torso_upper
 11:32 ShutdownGame:
 11:32 ------------------------------------------------------------
 11:32 ------------------------------------------------------------
 11:32 InitGame
 11:32 J;cadcea400045f989;7;syrvvp
 11:32 J;bot1;0;/dev/sr0
 12:22 K;bot1;0;allies;/dev/sr0;cadcea400045f989;7;axis;syrvvp;cheytac_heartbeat_mp;13860;MOD_RIFLE_BULLET;torso_upper
 12:33 ShutdownGame:
 12:33 ------------------------------------------------------------
 12:33 ------------------------------------------------------------
 12:33 InitGame
 12:33 J;cadcea400045f989;7;syrvvp
 12:33 J;bot1;0;/dev/sr0
 12:35 ShutdownGame:
 12:35 ------------------------------------------------------------
  0:00 ------------------------------------------------------------
  0:00 InitGame
  0:07 J;cadcea400045f989;4;syrvvp
  0:17 J;bot0;0;/dev/null
  0:22 K;cadcea400045f989;4;allies;syrvvp;cadcea400045f989;4;allies;syrvvp;none;100000;MOD_SUICIDE;none
  1:09 K;bot0;0;allies;/dev/null;cadcea400045f989;4;axis;syrvvp;cheytac_heartbeat_mp;13860;MOD_RIFLE_BULLET;torso_upper
  1:20 ShutdownGame:
  1:20 ------------------------------------------------------------
  1:20 ------------------------------------------------------------
  1:20 InitGame
  1:20 J;cadcea400045f989;4;syrvvp
  1:20 J;bot0;0;/dev/null
  2:53 K;bot0;0;allies;/dev/null;cadcea400045f989;4;axis;syrvvp;cheytac_heartbeat_mp;9900;MOD_HEAD_SHOT;head
  3:04 ShutdownGame:
  3:04 ------------------------------------------------------------
  3:04 ------------------------------------------------------------
  3:04 InitGame
  3:04 J;cadcea400045f989;4;syrvvp
  3:04 J;bot0;0;/dev/null
  4:10 K;bot0;0;allies;/dev/null;cadcea400045f989;4;axis;syrvvp;cheytac_heartbeat_mp;13860;MOD_RIFLE_BULLET;torso_upper
  4:21 ShutdownGame:
  4:21 ------------------------------------------------------------
  4:21 ------------------------------------------------------------
  4:21 InitGame
  4:21 J;cadcea400045f989;4;syrvvp
  4:21 J;bot0;0;/dev/null
  4:33 K;bot0;0;allies;/dev/null;cadcea400045f989;4;axis;syrvvp;cheytac_heartbeat_mp;9900;MOD_HEAD_SHOT;head
  4:44 ShutdownGame:
  4:44 ------------------------------------------------------------
  4:44 ------------------------------------------------------------
  4:44 InitGame
  4:44 J;cadcea400045f989;4;syrvvp
  4:44 J;bot0;0;/dev/null
  4:59 K;bot0;0;allies;/dev/null;cadcea400045f989;4;axis;syrvvp;cheytac_heartbeat_mp;13860;MOD_RIFLE_BULLET;torso_upper
  5:10 ShutdownGame:
  5:10 ------------------------------------------------------------
  5:10 ------------------------------------------------------------
  5:10 InitGame
  5:10 J;cadcea400045f989;4;syrvvp
  5:10 J;bot0;0;/dev/null
  5:12 D;bot0;0;allies;/dev/null;cadcea400045f989;4;axis;syrvvp;coltanaconda_akimbo_mp;1;MOD_HEAD_SHOT;head
  5:47 K;bot0;0;allies;/dev/null;cadcea400045f989;4;axis;syrvvp;cheytac_heartbeat_mp;13860;MOD_RIFLE_BULLET;torso_upper
  5:58 ShutdownGame:
  5:58 ------------------------------------------------------------
  5:58 ------------------------------------------------------------
  5:58 InitGame
  5:58 J;cadcea400045f989;4;syrvvp
  5:58 J;bot0;0;/dev/null
  9:31 K;bot0;0;allies;/dev/null;cadcea400045f989;4;axis;syrvvp;cheytac_fmj_mp;13860;MOD_RIFLE_BULLET;torso_upper
  9:42 ShutdownGame:
  9:42 ------------------------------------------------------------
  9:42 ------------------------------------------------------------
  9:42 InitGame
  9:42 J;cadcea400045f989;4;syrvvp
  9:42 J;bot0;0;/dev/null
 10:40 D;bot0;0;allies;/dev/null;cadcea400045f989;4;axis;syrvvp;cheytac_fmj_mp;1;MOD_MELEE;torso_upper
 10:41 D;bot0;0;allies;/dev/null;cadcea400045f989;4;axis;syrvvp;cheytac_fmj_mp;1;MOD_MELEE;right_arm_upper
 10:43 D;bot0;0;allies;/dev/null;cadcea400045f989;4;axis;syrvvp;cheytac_fmj_mp;1;MOD_MELEE;right_arm_upper
 10:44 D;bot0;0;allies;/dev/null;cadcea400045f989;4;axis;syrvvp;cheytac_fmj_mp;1;MOD_MELEE;right_arm_upper
 10:45 D;bot0;0;allies;/dev/null;cadcea400045f989;4;axis;syrvvp;cheytac_fmj_mp;1;MOD_MELEE;right_arm_upper
 10:58 D;bot0;0;allies;/dev/null;cadcea400045f989;4;axis;syrvvp;model1887_fmj_mp;1;MOD_PISTOL_BULLET;right_leg_upper
 10:58 D;bot0;0;allies;/dev/null;cadcea400045f989;4;axis;syrvvp;model1887_fmj_mp;1;MOD_PISTOL_BULLET;left_foot
 10:58 D;bot0;0;allies;/dev/null;cadcea400045f989;4;axis;syrvvp;model1887_fmj_mp;1;MOD_PISTOL_BULLET;torso_lower
 11:11 ShutdownGame:
 11:11 ------------------------------------------------------------
